Selected Word: FIFTH
User Input:HELLO
User Input:MILLS
User Input:FALSE
User Input:BOOKS
User Input:GHOST
User Input:SLAVE
User Report
Total number of games played: 1
Win percentage:  0.00%
Guessed in 1st attempt : 0
Guessed in 2nd attempt : 0
Guessed in 3rd attempt : 0
Guessed in 4th attempt : 0
Guessed in 5th attempt : 0
Guessed in 6th attempt : 0
Selected Word: DEATH
Selected Word: AMEND
User Input:HELLO
User Input:SLAVE
User Input:GHOST
User Input:BOOKS
User Input:MILLS
User Input:FALSE
User Report
Total number of games played: 1
Win percentage:  0.00%
Guessed in 1st attempt : 0
Guessed in 2nd attempt : 0
Guessed in 3rd attempt : 0
Guessed in 4th attempt : 0
Guessed in 5th attempt : 0
Guessed in 6th attempt : 0
Selected Word: STORE
Selected Word: AUDIO
User Input:HELLO
Selected Word: BLACK
User Input:HELLO
Selected Word: DIANE
User Input:HELLO
User Input:JOINT
User Input:GHOST
User Input:RAPID
User Input:ROUND
User Input:SLAVE
User Report
Total number of games played: 1
Win percentage:  0.00%
Guessed in 1st attempt : 0
Guessed in 2nd attempt : 0
Guessed in 3rd attempt : 0
Guessed in 4th attempt : 0
Guessed in 5th attempt : 0
Guessed in 6th attempt : 0
Selected Word: LYRIC
Selected Word: CATCH
User Input:HELLO
User Input:JOINT
User Input:SLAVE
User Input:GHOST
User Input:BOOKS
User Input:ROUND
User Report
Total number of games played: 1
Win percentage:  0.00%
Guessed in 1st attempt : 0
Guessed in 2nd attempt : 0
Guessed in 3rd attempt : 0
Guessed in 4th attempt : 0
Guessed in 5th attempt : 0
Guessed in 6th attempt : 0
Selected Word: MOVIE
Selected Word: CROWD
User Input:HELLO
User Input:SLAVE
User Input:GRAVE
User Input:BOOKS
User Input:ROUND
User Input:JOINT
User Report
Total number of games played: 1
Win percentage:  0.00%
Guessed in 1st attempt : 0
Guessed in 2nd attempt : 0
Guessed in 3rd attempt : 0
Guessed in 4th attempt : 0
Guessed in 5th attempt : 0
Guessed in 6th attempt : 0
Selected Word: FLEET
Selected Word: COUNT
User Input:HELLO
User Input:SLAVE
User Input:GHOST
User Input:HEADS
User Input:GRAVE
User Input:GRACE
User Report
Total number of games played: 1
Win percentage:  0.00%
Guessed in 1st attempt : 0
Guessed in 2nd attempt : 0
Guessed in 3rd attempt : 0
Guessed in 4th attempt : 0
Guessed in 5th attempt : 0
Guessed in 6th attempt : 0
Selected Word: SOLAR
User Input:HOLDS
